<<<<<<< HEAD
﻿빌드 시작: 2018-01-02 오후 3:49:08
     1>2 노드의 "C:\weunus\projectBackup\Team\Team\ExcelToPdf\ExcelToPdf\ExcelToPdf.vcxproj" 프로젝트(Build 대상)입니다.
=======
﻿빌드 시작: 2018-01-02 오후 3:16:39
     1>2 노드의 "C:\git\Team\ExcelToPdf\ExcelToPdf\ExcelToPdf.vcxproj" 프로젝트(Build 대상)입니다.
>>>>>>> d278c5183991e4caf19ff0cc570fef574627a585
     1>ClCompile:
         C:\Program Files (x86)\Microsoft Visual Studio 12.0\VC\bin\x86_amd64\CL.exe /c /I.\GeneratedFiles /I. /IC:\Qt\Qt5.6.3\5.6.3\msvc2013_64\include /I.\GeneratedFiles\Debug /IC:\Qt\Qt5.6.3\5.6.3\msvc2013_64\include\QtCore /IC:\Qt\Qt5.6.3\5.6.3\msvc2013_64\include\QtGui /IC:\Qt\Qt5.6.3\5.6.3\msvc2013_64\include\ActiveQt /IC:\Qt\Qt5.6.3\5.6.3\msvc2013_64\include\QtPrintSupport /IC:\Qt\Qt5.6.3\5.6.3\msvc2013_64\include\QtWidgets /Zi /nologo /W1 /WX- /Od /D UNICODE /D WIN32 /D WIN64 /D QT_DLL /D QT_CORE_LIB /D QT_GUI_LIB /D QT_PRINTSUPPORT_LIB /D QT_WIDGETS_LIB /Gm- /EHsc /MDd /GS /fp:precise /Zc:wchar_t /Zc:forScope /Fo"x64\Debug\\" /Fd"x64\Debug\vc120.pdb" /Gd /TP /errorReport:prompt exceltopdf.cpp
         exceltopdf.cpp
       Link:
<<<<<<< HEAD
         C:\Program Files (x86)\Microsoft Visual Studio 12.0\VC\bin\x86_amd64\link.exe /ERRORREPORT:PROMPT /OUT:"C:\weunus\projectBackup\Team\Team\ExcelToPdf\x64\Debug\\ExcelToPdf.exe" /NOLOGO /LIBPATH:C:\Qt\Qt5.6.3\5.6.3\msvc2013_64\lib qtmaind.lib Qt5Cored.lib Qt5Guid.lib Qt5AxContainerd.lib Qt5AxBased.lib Qt5PrintSupportd.lib Qt5Widgetsd.lib Qt5AxBase.lib kernel32.lib user32.lib gdi32.lib winspool.lib comdlg32.lib advapi32.lib shell32.lib ole32.lib oleaut32.lib uuid.lib odbc32.lib odbccp32.lib /MANIFEST /MANIFESTUAC:"level='asInvoker' uiAccess='false'" /manifest:embed /DEBUG /PDB:"C:\weunus\projectBackup\Team\Team\ExcelToPdf\x64\Debug\ExcelToPdf.pdb" /SUBSYSTEM:WINDOWS /TLBID:1 /DYNAMICBASE /NXCOMPAT /IMPLIB:"C:\weunus\projectBackup\Team\Team\ExcelToPdf\x64\Debug\ExcelToPdf.lib" /MACHINE:X64 x64\Debug\ExcelToPdf.res
         x64\Debug\exceltopdf.obj
=======
         C:\Program Files (x86)\Microsoft Visual Studio 12.0\VC\bin\x86_amd64\link.exe /ERRORREPORT:PROMPT /OUT:"C:\git\Team\ExcelToPdf\x64\Debug\\ExcelToPdf.exe" /NOLOGO /LIBPATH:C:\Qt\Qt5.6.3\5.6.3\msvc2013_64\lib qtmaind.lib Qt5Cored.lib Qt5Guid.lib Qt5AxContainerd.lib Qt5AxBased.lib Qt5PrintSupportd.lib Qt5Widgetsd.lib Qt5AxBase.lib kernel32.lib user32.lib gdi32.lib winspool.lib comdlg32.lib advapi32.lib shell32.lib ole32.lib oleaut32.lib uuid.lib odbc32.lib odbccp32.lib /MANIFEST /MANIFESTUAC:"level='asInvoker' uiAccess='false'" /manifest:embed /DEBUG /PDB:"C:\git\Team\ExcelToPdf\x64\Debug\ExcelToPdf.pdb" /SUBSYSTEM:WINDOWS /TLBID:1 /DYNAMICBASE /NXCOMPAT /IMPLIB:"C:\git\Team\ExcelToPdf\x64\Debug\ExcelToPdf.lib" /MACHINE:X64 x64\Debug\exceltopdf.obj
>>>>>>> d278c5183991e4caf19ff0cc570fef574627a585
         x64\Debug\moc_exceltopdf.obj
         x64\Debug\qrc_exceltopdf.obj
         x64\Debug\main.obj
         ExcelToPdf.vcxproj -> C:\git\Team\ExcelToPdf\x64\Debug\ExcelToPdf.exe
     1>"C:\git\Team\ExcelToPdf\ExcelToPdf\ExcelToPdf.vcxproj" 프로젝트를 빌드했습니다(Build 대상).

빌드했습니다.

<<<<<<< HEAD
경과 시간: 00:00:02.83
=======
경과 시간: 00:00:01.84
>>>>>>> d278c5183991e4caf19ff0cc570fef574627a585
