c:\git\team\exceltopdf\exceltopdf\x64\release\qrc_exceltopdf.obj
c:\git\team\exceltopdf\exceltopdf\x64\release\main.obj
c:\git\team\exceltopdf\exceltopdf\x64\release\moc_exceltopdf.obj
c:\git\team\exceltopdf\exceltopdf\x64\release\exceltopdf.obj
c:\git\team\exceltopdf\exceltopdf\generatedfiles\ui_exceltopdf.h
c:\git\team\exceltopdf\exceltopdf\generatedfiles\qrc_exceltopdf.cpp
c:\git\team\exceltopdf\exceltopdf\generatedfiles\release\moc_exceltopdf.cpp
c:\git\team\exceltopdf\x64\release\exceltopdf.exe
c:\weunus\projectbackup\team\team\exceltopdf\exceltopdf\x64\release\main.obj
c:\weunus\projectbackup\team\team\exceltopdf\exceltopdf\x64\release\moc_exceltopdf.obj
c:\weunus\projectbackup\team\team\exceltopdf\exceltopdf\x64\release\qrc_exceltopdf.obj
c:\weunus\projectbackup\team\team\exceltopdf\x64\release\exceltopdf.exe
c:\weunus\projectbackup\team\team\exceltopdf\exceltopdf\x64\release\exceltopdf.tlog\cl.command.1.tlog
c:\weunus\projectbackup\team\team\exceltopdf\exceltopdf\x64\release\exceltopdf.tlog\cl.read.1.tlog
c:\weunus\projectbackup\team\team\exceltopdf\exceltopdf\x64\release\exceltopdf.tlog\cl.write.1.tlog
c:\weunus\projectbackup\team\team\exceltopdf\exceltopdf\x64\release\exceltopdf.tlog\custombuild.command.1.tlog
c:\weunus\projectbackup\team\team\exceltopdf\exceltopdf\x64\release\exceltopdf.tlog\custombuild.read.1.tlog
c:\weunus\projectbackup\team\team\exceltopdf\exceltopdf\x64\release\exceltopdf.tlog\custombuild.write.1.tlog
c:\weunus\projectbackup\team\team\exceltopdf\exceltopdf\x64\release\exceltopdf.tlog\link.command.1.tlog
c:\weunus\projectbackup\team\team\exceltopdf\exceltopdf\x64\release\exceltopdf.tlog\link.read.1.tlog
c:\weunus\projectbackup\team\team\exceltopdf\exceltopdf\x64\release\exceltopdf.tlog\link.write.1.tlog
